<?xml version="1.0" encoding="UTF-8"?>
<!-- Generated by org.testng.reporters.JUnitReportReporter -->
<testsuite hostname="ElshadHP" failures="0" tests="1" name="testNG.ExpectedExceptionConcept" time="0.011" errors="0" timestamp="29 Sep. 2022 14:18:20 GMT" skipped="0">
  <testcase classname="testNG.ExpectedExceptionConcept" name="searchTest" time="0.011"/>
</testsuite> <!-- testNG.ExpectedExceptionConcept -->
