<?xml version="1.0" encoding="UTF-8"?>
<!-- Generated by org.testng.reporters.JUnitReportReporter -->
<testsuite hostname="ElshadHP" failures="0" tests="3" name="testNG.LoginPageBMTest" time="17.675" errors="0" timestamp="04 Oct. 2022 13:06:14 GMT" skipped="0">
  <testcase classname="testNG.LoginPageBMTest" name="logoTest" time="8.579"/>
  <testcase classname="testNG.LoginPageBMTest" name="forgotPwdLinkExistTest" time="4.170"/>
  <testcase classname="testNG.LoginPageBMTest" name="loginNegativeTest" time="4.926"/>
</testsuite> <!-- testNG.LoginPageBMTest -->
