<?xml version="1.0" encoding="UTF-8"?>
<!-- Generated by org.testng.reporters.JUnitReportReporter -->
<testsuite hostname="ElshadHP" failures="0" tests="3" name="testNG.LoginPageTest" time="1.089" errors="0" timestamp="04 Oct. 2022 13:18:02 GMT" skipped="0">
  <testcase classname="testNG.LoginPageTest" name="logoTest" time="0.098"/>
  <testcase classname="testNG.LoginPageTest" name="loginNegativeTest" time="0.918"/>
  <testcase classname="testNG.LoginPageTest" name="forgotPwdLinkExistTest" time="0.073"/>
</testsuite> <!-- testNG.LoginPageTest -->
