<?xml version="1.0" encoding="UTF-8"?>
<!-- Generated by org.testng.reporters.JUnitReportReporter -->
<testsuite hostname="ElshadHP" failures="0" tests="3" name="testNG.testNgBasics" time="0.032" errors="0" timestamp="25 Sep. 2022 02:06:37 GMT" skipped="0">
  <testcase classname="testNG.testNgBasics" name="homePageTest" time="0.003"/>
  <testcase classname="testNG.testNgBasics" name="addToCartTest" time="0.008"/>
  <testcase classname="testNG.testNgBasics" name="searchTest" time="0.021"/>
</testsuite> <!-- testNG.testNgBasics -->
