<?xml version="1.0" encoding="UTF-8"?>
<!-- Generated by org.testng.reporters.JUnitReportReporter -->
<testsuite hostname="ElshadHP" failures="0" tests="2" name="myTest.OrangeHRMTest" time="0.051" errors="0" timestamp="05 Oct. 2022 14:50:55 GMT" skipped="0">
  <testcase classname="myTest.OrangeHRMTest" name="titleTest" time="0.010"/>
  <testcase classname="myTest.OrangeHRMTest" name="contactSalesLinkTest" time="0.041"/>
</testsuite> <!-- myTest.OrangeHRMTest -->
