<?xml version="1.0" encoding="UTF-8"?>
<!-- Generated by org.testng.reporters.JUnitReportReporter -->
<testsuite hostname="ElshadHP" failures="0" tests="2" name="myTest.GoogleTest" time="0.203" errors="0" timestamp="05 Oct. 2022 14:50:55 GMT" skipped="0">
  <testcase classname="myTest.GoogleTest" name="titleTest" time="0.025"/>
  <testcase classname="myTest.GoogleTest" name="searchFieldTest" time="0.178"/>
</testsuite> <!-- myTest.GoogleTest -->
