<?xml version="1.0" encoding="UTF-8"?>
<!-- Generated by org.testng.reporters.JUnitReportReporter -->
<testsuite hostname="ElshadHP" failures="0" tests="5" name="testNG.PriorityTest" time="0.020" errors="0" timestamp="25 Sep. 2022 02:55:00 GMT" skipped="0">
  <testcase classname="testNG.PriorityTest" name="c_test" time="0.002"/>
  <testcase classname="testNG.PriorityTest" name="a_test" time="0.013"/>
  <testcase classname="testNG.PriorityTest" name="b_test" time="0.001"/>
  <testcase classname="testNG.PriorityTest" name="d_test" time="0.002"/>
  <testcase classname="testNG.PriorityTest" name="e_test" time="0.002"/>
</testsuite> <!-- testNG.PriorityTest -->
