<?xml version="1.0" encoding="UTF-8"?>
<!-- Generated by org.testng.reporters.JUnitReportReporter -->
<testsuite hostname="ElshadHP" failures="0" tests="2" name="myTest.OpenCartTest" time="0.099" errors="0" timestamp="05 Oct. 2022 14:50:55 GMT" skipped="0">
  <testcase classname="myTest.OpenCartTest" name="titleTest" time="0.016"/>
  <testcase classname="myTest.OpenCartTest" name="searchFieldTest" time="0.083"/>
</testsuite> <!-- myTest.OpenCartTest -->
