<?xml version="1.0" encoding="UTF-8"?>
<!-- Generated by org.testng.reporters.JUnitReportReporter -->
<testsuite hostname="ElshadHP" failures="0" tests="2" name="testNG.DependOnMethodConcept" time="0.016" errors="0" timestamp="04 Oct. 2022 13:56:06 GMT" skipped="0">
  <testcase classname="testNG.DependOnMethodConcept" name="homeTest" time="0.002"/>
  <testcase classname="testNG.DependOnMethodConcept" name="loginTest" time="0.014"/>
</testsuite> <!-- testNG.DependOnMethodConcept -->
